<?xml version="1.0" encoding="UTF-8"?>
<!-- Generated by org.testng.reporters.JUnitReportReporter -->
<testsuite skipped="0" hostname="Om" name="com.qtpselenium.hybrid.CreatePortfolioTest" tests="1" failures="0" timestamp="2021-03-23T13:10:46 GMT" time="9.661" errors="0">
  <testcase name="CreatePortfolioTest" time="9.661" classname="com.qtpselenium.hybrid.CreatePortfolioTest"/>
  <system-out/>
</testsuite> <!-- com.qtpselenium.hybrid.CreatePortfolioTest -->
