<?xml version="1.0" encoding="UTF-8"?>
<!-- Generated by org.testng.reporters.JUnitReportReporter -->
<testsuite skipped="0" hostname="Om" name="com.qtpselenium.hybrid.LoginTest" tests="1" failures="0" timestamp="2021-03-23T13:11:17 GMT" time="9.177" errors="0">
  <testcase name="loginTest" time="9.177" classname="com.qtpselenium.hybrid.LoginTest"/>
  <system-out/>
</testsuite> <!-- com.qtpselenium.hybrid.LoginTest -->
